<?xml version="1.0" encoding="UTF-8"?>
<!-- Generated by org.testng.reporters.JUnitXMLReporter -->
<testsuite ignored="1" hostname="DESKTOP-E0AAAR0" failures="0" tests="2" name="Test" time="6.381" errors="0" timestamp="2024-01-23T19:41:24 CST">
  <testcase classname="com.orangehrm.test.LoginTest" name="loginWithValidUsernameAndPassword" time="4.253"/>
  <testcase classname="com.orangehrm.test.HomePageTest" name="logout" time="1.818"/>
  <testcase classname="com.orangehrm.test.BaseTest" name="@BeforeSuite initDriver" time="0.0">
    <ignored/>
  </testcase> <!-- @BeforeSuite initDriver -->
</testsuite> <!-- Test -->
