<?xml version="1.0" encoding="UTF-8"?>
<!-- Generated by org.testng.reporters.JUnitXMLReporter -->
<testsuite ignored="0" hostname="DESKTOP-E0AAAR0" failures="0" tests="3" name="Test" time="15.068" errors="0" timestamp="2024-01-18T21:01:00 CST">
  <testcase classname="com.test.OrangeHRMTest" name="login" time="11.181"/>
  <testcase classname="com.test.OrangeHRMTest" name="testAdmin" time="3.116"/>
  <testcase classname="com.test.OrangeHRMTest" name="testLogout" time="0.733"/>
</testsuite> <!-- Test -->
