<?xml version="1.0" encoding="UTF-8"?>
<testng-results ignored="0" total="3" passed="3" failed="0" skipped="0">
  <reporter-output>
  </reporter-output>
  <suite started-at="2024-01-18T21:00:45 CST" name="Suite" finished-at="2024-01-18T21:01:00 CST" duration-ms="15068">
    <groups>
    </groups>
    <test started-at="2024-01-18T21:00:45 CST" name="Test" finished-at="2024-01-18T21:01:00 CST" duration-ms="15068">
      <class name="com.test.OrangeHRMTest">
        <test-method signature="login()[pri:0, instance:com.test.OrangeHRMTest@28f2a10f]" started-at="2024-01-18T21:00:45 CST" name="login" finished-at="2024-01-18T21:00:56 CST" duration-ms="11181" status="PASS">
          <reporter-output>
          </reporter-output>
        </test-method> <!-- login -->
        <test-method signature="testAdmin()[pri:0, instance:com.test.OrangeHRMTest@28f2a10f]" started-at="2024-01-18T21:00:56 CST" name="testAdmin" finished-at="2024-01-18T21:00:59 CST" duration-ms="3116" status="PASS">
          <reporter-output>
          </reporter-output>
        </test-method> <!-- testAdmin -->
        <test-method signature="testLogout()[pri:0, instance:com.test.OrangeHRMTest@28f2a10f]" started-at="2024-01-18T21:00:59 CST" name="testLogout" finished-at="2024-01-18T21:01:00 CST" duration-ms="733" status="PASS">
          <reporter-output>
          </reporter-output>
        </test-method> <!-- testLogout -->
      </class> <!-- com.test.OrangeHRMTest -->
    </test> <!-- Test -->
  </suite> <!-- Suite -->
</testng-results>
