<?xml version="1.0" encoding="UTF-8"?>
<testng-results ignored="0" total="2" passed="2" failed="0" skipped="0">
  <reporter-output>
  </reporter-output>
  <suite started-at="2024-01-23T19:41:17 CST" name="Suite" finished-at="2024-01-23T19:41:23 CST" duration-ms="6381">
    <groups>
    </groups>
    <test started-at="2024-01-23T19:41:17 CST" name="Test" finished-at="2024-01-23T19:41:23 CST" duration-ms="6381">
      <class name="com.orangehrm.test.HomePageTest">
        <test-method signature="logout()[pri:0, instance:com.orangehrm.test.HomePageTest@2cf3d63b]" started-at="2024-01-23T19:41:21 CST" name="logout" finished-at="2024-01-23T19:41:23 CST" duration-ms="1818" status="PASS">
          <reporter-output>
          </reporter-output>
        </test-method> <!-- logout -->
      </class> <!-- com.orangehrm.test.HomePageTest -->
      <class name="com.orangehrm.test.LoginTest">
        <test-method is-config="true" signature="initDriver()[pri:0, instance:com.orangehrm.test.LoginTest@5b1669c0]" started-at="2024-01-23T19:41:06 CST" name="initDriver" finished-at="2024-01-23T19:41:17 CST" duration-ms="10921" status="PASS">
          <reporter-output>
          </reporter-output>
        </test-method> <!-- initDriver -->
        <test-method signature="loginWithValidUsernameAndPassword()[pri:0, instance:com.orangehrm.test.LoginTest@5b1669c0]" started-at="2024-01-23T19:41:17 CST" name="loginWithValidUsernameAndPassword" finished-at="2024-01-23T19:41:21 CST" duration-ms="4253" status="PASS">
          <reporter-output>
          </reporter-output>
        </test-method> <!-- loginWithValidUsernameAndPassword -->
      </class> <!-- com.orangehrm.test.LoginTest -->
    </test> <!-- Test -->
  </suite> <!-- Suite -->
</testng-results>
